<?xml version="1.0" encoding="UTF-8"?>
<!-- Generated by org.testng.reporters.JUnitReportReporter -->
<testsuite hostname="DESKTOP-BTQAEA0" failures="0" tests="1" name="com.test.Notepad" time="52.357" errors="0" timestamp="2023-06-18T20:51:19 IST" skipped="0">
  <testcase classname="com.test.Notepad" name="testOne" time="52.357"/>
  <system-out/>
</testsuite> <!-- com.test.Notepad -->
